# Podsumowanie Fazy 2 - API Endpoints SMS

## Data zakończenia: 2025-10-23 12:48

## Cel Fazy 2
Implementacja REST API dla SMS Gateway z pełnym zestawem endpointów do zarządzania wiadomościami SMS.

## Wykonane zadania

### 1. Implementacja podstawowych endpointów API
- ✅ POST /api/v1/sms/queue - Kolejkowanie wiadomości SMS
- ✅ GET /api/v1/sms/status/{id} - Sprawdzanie statusu wiadomości
- ✅ GET /api/v1/sms/history - Pobieranie historii wiadomości
- ✅ DELETE /api/v1/sms/cancel/{id} - Anulowanie wiadomości

### 2. Architektura i wzorce projektowe
- ✅ Separacja DTO od encji bazy danych
- ✅ Content Negotiation z kotlinx.serialization
- ✅ Struktura RESTful API zgodna z najlepszymi praktykami

### 3. Walidacja i bezpieczeństwo
- ✅ Walidacja numerów telefonów (format E.164)
- ✅ Walidacja długości wiadomości (max 160 znaków)
- ✅ Autentykacja Bearer Token dla wszystkich endpointów
- ✅ Obsługa błędów HTTP z odpowiednimi kodami statusu

### 4. Integracja z bazą danych
- ✅ Rozszerzenie SmsRepository o nowe metody
- ✅ Implementacja operacji CRUD dla wiadomości SMS
- ✅ Wsparcie dla operacji asynchronicznych

### 5. Usprawnienia wprowadzone w trakcie fazy
- ✅ Globalna obsługa błędów z StatusPages
- ✅ Paginacja w endpointzie historii
- ✅ RequestValidation plugin
- ✅ Konfiguracja CORS
- ✅ Strukturalne logowanie requestów

## Pliki dodane/zmodyfikowane w Fazie 2

### Nowe pliki:
- app/src/main/java/com/smsgateway/app/models/dto/SmsRequest.kt
- app/src/main/java/com/smsgateway/app/models/dto/SmsResponse.kt
- app/src/main/java/com/smsgateway/app/routes/SmsRoutes.kt
- app/src/main/java/com/smsgateway/app/plugins/Authentication.kt
- app/src/main/java/com/smsgateway/app/plugins/StatusPages.kt
- app/src/main/java/com/smsgateway/app/plugins/RequestValidation.kt
- app/src/main/java/com/smsgateway/app/plugins/CORS.kt

### Zmodyfikowane pliki:
- app/src/main/java/com/smsgateway/app/KtorServer.kt
- app/src/main/java/com/smsgateway/app/database/AppDatabase.kt
- app/src/main/java/com/smsgateway/app/database/SmsDao.kt
- app/build.gradle.kts

## Wersja API: 2.1.0

## Przykłady użycia API

### Kolejkowanie SMS
```bash
curl -X POST http://localhost:8080/api/v1/sms/queue \
  -H "Content-Type: application/json" \
  -H "Authorization: Bearer smsgateway-api-token-2024-secure" \
  -d '{
    "phoneNumber": "+48123456789",
    "message": "Test message",
    "appointmentTime": "2025-10-23T15:30:00Z"
  }'
```

### Sprawdzanie statusu
```bash
curl -X GET http://localhost:8080/api/v1/sms/status/1 \
  -H "Authorization: Bearer smsgateway-api-token-2024-secure"
```

### Historia z paginacją
```bash
curl -X GET "http://localhost:8080/api/v1/sms/history?page=1&limit=50" \
  -H "Authorization: Bearer smsgateway-api-token-2024-secure"
```

## Ocena końcowa Fazy 2

### Mocne strony:
- ✅ Kompletna implementacja REST API
- ✅ Właściwa separacja odpowiedzialności
- ✅ Bezpieczeństwo z autentykacją Bearer Token
- ✅ Obsługa błędów i walidacja
- ✅ Paginacja dla dużych zbiorów danych
- ✅ Dokumentacja i przykłady użycia

### Obszary do dalszego rozwoju:
- Optymalizacja wydajności przy dużym obciążeniu
- Implementacja rate limiting
- Rozbudowa mechanizmów monitorowania
- Testy integracyjne dla endpointów

## Status: ZAKOŃCZONA ✅

Faza 2 została pomyślnie zakończona. API jest w pełni funkcjonalne i gotowe na implementację Fazy 3 (WorkManager do wysyłki SMS).