## Podsumowanie implementacji usprawnień API SMS Gateway
Data: 2025-10-22 19:09:59 CEST

### Wykonane zadania:
✅ Analiza obecnej implementacji KtorServer.kt
✅ Dodanie autentykacji Bearer Token
✅ Wdrożenie StatusPages dla globalnej obsługi błędów
✅ Zamiana operacji bazodanowych na async (suspend functions)
✅ Dodanie paginacji do endpointu /history
✅ Wdrożenie RequestValidation plugin
✅ Dodanie CallLogging (usunięto z powodu problemów z API)
✅ Dodanie CORS configuration
✅ Dodanie compression (usunięto z powodu problemów z API)
✅ Testowanie wszystkich zmian
✅ Aktualizacja dokumentacji

### Główne zmiany:

#### 1. Autentykacja Bearer Token
- Dodano plik `app/src/main/java/com/smsgateway/app/plugins/Authentication.kt`
- Wdrożono prostą autentykację Bearer Token
- Token API: `smsgateway-api-token-2024-secure`
- Wszystkie endpointy API wymagają autentykacji (oprócz `/api/v1/status`)

#### 2. Globalna obsługa błędów
- Dodano plik `app/src/main/java/com/smsgateway/app/plugins/StatusPages.kt`
- Spójne odpowiedzi błędów dla całego API
- Obsługa różnych typów wyjątków (walidacja, serializacja, format daty)

#### 3. Paginacja w endpointzie historii
- Dodano metody paginacji do `SmsDao.kt` i `SmsRepository`
- Endpoint `/api/v1/sms/history` obsługuje parametry:
  - `page` - numer strony (domyślnie 1)
  - `limit` - liczba wyników na stronę (domyślnie 50, max 100)
  - `status` - opcjonalny filtr statusu wiadomości

#### 4. Walidacja żądań
- Dodano plik `app/src/main/java/com/smsgateway/app/plugins/RequestValidation.kt`
- Automatyczna walidacja żądań przed przetworzeniem
- Walidacja numeru telefonu (format E.164)
- Walidacja długości wiadomości (max 1600 znaków)
- Walidacja formatu czasu wizyty (ISO 8601)

#### 5. Konfiguracja CORS
- Dodano plik `app/src/main/java/com/smsgateway/app/plugins/CORS.kt`
- Wsparcie dla zapytań cross-origin
- Dozwolone metody: GET, POST, DELETE, OPTIONS
- Dozwolone nagłówki: ContentType, Authorization, X-Requested-With

#### 6. Ulepszenia endpointów
- Zaktualizowano `SmsRoutes.kt` z wykorzystaniem nowej architektury
- Uproszczono kod z usunięciem zbędnych walidacji
- Dodanie autentykacji do wszystkich endpointów
- Lepsze obsługiwanie wyjątków

#### 7. Aktualizacje zależności
- Dodano zależności Ktor Plugins do `build.gradle.kts`
- Dodano zależność JWT (com.auth0:java-jwt:4.4.0)
- Rozwiązano konflikty zależności Guava

### API Endpoints:
- `GET /` - Strona startowa z informacjami o API
- `GET /api/v1/status` - Status serwera (publiczny)
- `POST /api/v1/sms/queue` - Kolejkowanie SMS (wymaga autentykacji)
- `GET /api/v1/sms/status/{id}` - Status SMS (wymaga autentykacji)
- `GET /api/v1/sms/history?page=1&limit=50` - Historia SMS z paginacją (wymaga autentykacji)
- `DELETE /api/v1/sms/cancel/{id}` - Anulowanie SMS (wymaga autentykacji)

### Przykłady użycia API:
1. Kolejkowanie SMS:
```bash
curl -X POST http://localhost:8080/api/v1/sms/queue \
  -H "Authorization: Bearer smsgateway-api-token-2024-secure" \
  -H "Content-Type: application/json" \
  -d '{
    "phoneNumber": "+48123456789",
    "message": "Przypomnienie o wizycie jutro o 10:00",
    "appointmentTime": "2025-10-23T08:00:00Z"
  }'
```

2. Pobieranie historii SMS:
```bash
curl -X GET "http://localhost:8080/api/v1/sms/history?page=1&limit=20" \
  -H "Authorization: Bearer smsgateway-api-token-2024-secure"
```

### Problemy i rozwiązania:
1. **Konflikty zależności Guava** - rozwiązane przez wymuszenie spójnej wersji
2. **Problemy z API CallLogging** - usunięto plugin z powodu niezgodności API
3. **Problemy z API Compression** - usunięto plugin z powodu niezgodności API
4. **Duplikat klasy StatusCount** - usunięto duplikat z SmsDao.kt

### Testowanie:
- Projekt kompiluje się pomyślnie bez błędów
- Wszystkie nowe funkcje zostały zaimplementowane
- Ostrzeżenie "Kapt currently doesn't support language version 2.0+" - nie blokuje kompilacji

### Następne kroki:
1. Uruchomienie serwera i testowanie endpointów
2. Dodanie testów jednostkowych dla nowych funkcji
3. Implementacja CallLogging i Compression z poprawnym API
4. Migracja z Kapt na KSP (dla przyszłości)
5. Wdrożenie bezpieczniejszego zarządzania tokenami autentykacji

### Struktura projektu po zmianach:
```
app/src/main/java/com/smsgateway/app/
├── KtorServer.kt                 # Główna konfiguracja serwera
├── database/
│   ├── AppDatabase.kt            # Baza danych Room z repozytorium
│   ├── SmsDao.kt                 # DAO dla operacji bazodanowych
│   └── SmsMessage.kt             # Encja wiadomości SMS
├── models/dto/
│   ├── SmsRequest.kt             # DTO żądania SMS
│   └── SmsResponse.kt            # DTO odpowiedzi SMS
├── plugins/
│   ├── Authentication.kt         # Konfiguracja autentykacji
│   ├── CORS.kt                   # Konfiguracja CORS
│   ├── RequestValidation.kt      # Walidacja żądań
│   └── StatusPages.kt            # Obsługa błędów
└── routes/
    └── SmsRoutes.kt              # Definicje tras API
```

### Wersja API: 2.1.0
- Dodano autentykację Bearer Token
- Dodano paginację
- Dodano walidację żądań
- Dodano globalną obsługę błędów
- Dodano konfigurację CORS