# SMS Gateway UI Implementation Progress Log

## Data: 2025-10-22 17:40

## Zadanie: Implementacja UI aplikacji zgodnie z design.html

## Wykonane prace:

### 1. Analiza design.html
- Zrozumienie struktury dashboardu SMS Gateway
- Identyfikacja komponentów: sidebar, statystyki, tabela wiadomości, szybkie akcje
- Analiza kolorystyki i stylów (Material Design inspired)

### 2. Sprawdzenie struktury projektu Android
- Potwierdzenie użycia Jetpack Compose
- Analiza obecnych zależności
- Zrozumienie struktury MainActivity.kt

### 3. Dodanie zależności
- Navigation Compose (androidx.navigation:navigation-compose:2.7.6)
- Material Icons Extended
- ViewModel Compose

### 4. Implementacja komponentów UI
- SMSGatewayApp - główna struktura aplikacji z nawigacją
- Sidebar - boczny panel nawigacyjny z logo i menu
- NavItem - komponenty nawigacyjne
- DashboardScreen - główny ekran dashboardu

### 5. Statystyki (4 karty)
- SMS w kolejce (128)
- Wysłane dzisiaj (542, sukces 99%)
- Błędy (3)
- Status systemu (Aktywny, uptime 48h)

### 6. Tabela ostatnich wiadomości
- Kolumny: ID, Numer, Wiadomość, Status, Czas
- Status badges (Wysłane, W kolejce)
- Przykładowe dane

### 7. Szybkie akcje
- Wyślij testowy SMS (primary)
- Zobacz historię
- Eksportuj dane
- Ustawienia

### 8. Nawigacja między ekranami
- Dashboard
- Historia SMS
- Wyślij SMS
- Ustawienia

### 9. Responsywny design
- Adaptacyjne layouty dla różnych rozmiarów ekranu
- LazyColumn dla statystyk
- Flexible arrangement dla akcji

### 10. Testowanie i poprawki
- Build SUCCESSFUL bez błędów
- Naprawa ostrzeżeń o przestarzałych ikonach Send
- Zamiana Icons.Default.Send na Icons.AutoMirrored.Filled.Send

## Technologie:
- Jetpack Compose z Material Design 3
- Navigation Compose
- Material Icons Extended
- Kotlin

## Wynik:
Kompletny interfejs użytkownika SMS Gateway zgodny z designem HTML, gotowy do dalszego rozwoju.

## Status: Zakończone ✅