====================================
SMS Gateway Build Fix Progress Log
====================================
Data: 2025-10-22 17:21:04 CEST
Status: COMPLETED

PROBLEMY ROZWIĄZANE:
==================

1. PROBLEM: Java 25 niekompatybilna z Gradle/Kotlin
   - Symptomy: java.lang.IllegalArgumentException: 25
   - Rozwiązanie: Zainstalowano Java 17 przez Homebrew
   - Komendy: 
     * brew install openjdk@17
     * export PATH="/opt/homebrew/opt/openjdk@17/bin:$PATH"

2. PROBLEM: Błędy w build.gradle.kts - duplikacje i nieprawidłowe referencje
   - Symptomy: "Unresolved reference: ui", "Unresolved reference: material3"
   - Rozwiązanie: Usunięto duplikaty bibliotek w sekcji dependencies

3. PROBLEM: Konflikty plików META-INF/INDEX.LIST
   - Symptomy: Błędy mergeDebugJavaResource z konfliktami Netty/Logback
   - Rozwiązanie: Dodano konfigurację packaging z excludes dla META-INF

4. PROBLEM: Błędy Lint w AndroidManifest.xml
   - Symptomy: "Permission exists without corresponding hardware"
   - Rozwiązanie: Dodano <uses-feature android:name="android.hardware.telephony" android:required="false" />

5. PROBLEM: Zła lokalizacja pliku KtorServer.kt
   - Symptomy: "Unresolved reference: KtorServer"
   - Rozwiązanie: Przeniesiono plik z app/ do app/src/main/java/com/smsgateway/app/

6. PROBLEM: Version Catalog (libs.xxx) nieprawidłowo skonfigurowany
   - Symptomy: "Unresolved reference" dla bibliotek Compose
   - Rozwiązanie: Zastąpiono wszystkie libs.xxx bezpośrednimi definicjami z wersjami

ZMIANY W PLIKACH:
=================

app/build.gradle.kts:
- Zastąpiono całą sekcję dependencies bezpośrednimi definicjami bibliotek
- Dodano konfigurację packaging z excludes dla META-INF
- Usunięto duplikaty bibliotek Android/Compose

app/src/main/AndroidManifest.xml:
- Dodano <uses-feature android:name="android.hardware.telephony" android:required="false" />

app/src/main/java/com/smsgateway/app/KtorServer.kt:
- Przeniesiono z app/ do app/src/main/java/com/smsgateway/app/

gradle/libs.versions.toml:
- Dodano aliasy dla bibliotek Compose (nieużywane ostatecznie)

WYNIK KOŃCOWY:
================

BUILD SUCCESSFUL in 2m 16s
99 actionable tasks: 99 executed

Projekt SMS Gateway jest teraz w pełni funkcjonalny z:
- Poprawnie skonfigurowanymi zależnościami Android/Compose
- Zintegrowanym serwerem Ktor z endpointami API
- Wszystkimi testami przechodzącymi pomyślnie  
- Brakiem błędów kompilacji i Lint

ENDPOINTY SERWERA KTOR:
=======================
- / - strona powitalna HTML
- /api/v1/status - status serwera JSON
- /api/v1/sms/send - placeholder dla wysyłania SMS

PROJEKT GOTOWY DO DALSZEGO ROZWOJU I URUCHOMIENIA.